<?xml version="1.0" encoding="UTF-8"?>
<!-- Generated by org.testng.reporters.JUnitReportReporter -->
<testsuite hostname="DESKTOP-IRTCKS2" failures="0" tests="1" name="com.LoginPage.www.VerifyLogin" time="46.117" errors="0" timestamp="2024-05-28T19:48:18 IST" skipped="0">
  <testcase classname="com.LoginPage.www.VerifyLogin" name="verifyLoginButton" time="46.117"/>
</testsuite> <!-- com.LoginPage.www.VerifyLogin -->
