<?xml version="1.0" encoding="UTF-8"?>
<!-- Generated by org.testng.reporters.JUnitReportReporter -->
<testsuite hostname="DESKTOP-IRTCKS2" failures="0" tests="1" name="testcases.VerifyLogin" time="41.984" errors="0" timestamp="2024-05-15T14:08:15 IST" skipped="0">
  <testcase classname="testcases.VerifyLogin" name="verifyLoginButton" time="41.984"/>
</testsuite> <!-- testcases.VerifyLogin -->
